<?xml version="1.0" encoding="UTF-8"?>
<!-- Generated by org.testng.reporters.JUnitReportReporter -->
<testsuite skipped="0" hostname="LAPTOP-B0ABAAJ6" name="testcase.Login" tests="2" failures="0" timestamp="2022-10-12T10:04:36 IST" time="70.156" errors="0">
  <testcase name="clogin" time="53.215" classname="testcase.Login"/>
  <system-out/>
  <testcase name="addfarmertest" time="16.941" classname="testcase.Login"/>
  <system-out/>
</testsuite> <!-- testcase.Login -->
