<?xml version="1.0" encoding="UTF-8"?>
<!-- Generated by org.testng.reporters.JUnitReportReporter -->
<testsuite skipped="0" hostname="LAPTOP-B0ABAAJ6" name="base.BaseTest" tests="1" failures="0" timestamp="2022-10-10T17:57:08 IST" time="44.124" errors="0">
  <testcase name="clogin" time="44.124" classname="base.BaseTest"/>
  <system-out/>
</testsuite> <!-- base.BaseTest -->
